\BOOKMARK [1][-]{section.1}{\376\377\000I\000n\000t\000r\000o\000d\000u\000c\000t\000i\000o\000n}{}% 1
\BOOKMARK [1][-]{section.2}{\376\377\000Q\000R\000\040\000A\000l\000g\000o\000r\000i\000t\000h\000m\000\040\000O\000v\000e\000r\000v\000i\000e\000w}{}% 2
\BOOKMARK [2][-]{subsection.2.1}{\376\377\000E\000n\000h\000a\000n\000c\000i\000n\000g\000\040\000C\000o\000n\000v\000e\000r\000g\000e\000n\000c\000e\000\040\000w\000i\000t\000h\000\040\000t\000h\000e\000\040\000R\000a\000y\000l\000e\000i\000g\000h\000\040\000Q\000u\000o\000t\000i\000e\000n\000t\000\040\000S\000h\000i\000f\000t}{section.2}% 3
\BOOKMARK [3][-]{subsubsection.2.1.1}{\376\377\000I\000m\000p\000l\000e\000m\000e\000n\000t\000a\000t\000i\000o\000n}{subsection.2.1}% 4
\BOOKMARK [3][-]{subsubsection.2.1.2}{\376\377\000A\000d\000v\000a\000n\000t\000a\000g\000e\000s\000\040\000o\000f\000\040\000t\000h\000e\000\040\000R\000a\000y\000l\000e\000i\000g\000h\000\040\000Q\000u\000o\000t\000i\000e\000n\000t\000\040\000S\000h\000i\000f\000t}{subsection.2.1}% 5
\BOOKMARK [1][-]{section.3}{\376\377\000M\000a\000t\000r\000i\000x\000\040\000R\000e\000d\000u\000c\000t\000i\000o\000n\000\040\000t\000o\000\040\000H\000e\000s\000s\000e\000n\000b\000e\000r\000g\000\040\000F\000o\000r\000m}{}% 6
\BOOKMARK [2][-]{subsection.3.1}{\376\377\000H\000o\000u\000s\000e\000h\000o\000l\000d\000e\000r\000\040\000T\000r\000a\000n\000s\000f\000o\000r\000m\000a\000t\000i\000o\000n\000s}{section.3}% 7
\BOOKMARK [3][-]{subsubsection.3.1.1}{\376\377\000H\000o\000u\000s\000e\000h\000o\000l\000d\000e\000r\000\040\000T\000r\000a\000n\000s\000f\000o\000r\000m\000a\000t\000i\000o\000n\000\040\000f\000o\000r\000\040\000C\000o\000m\000p\000l\000e\000x\000\040\000M\000a\000t\000r\000i\000c\000e\000s}{subsection.3.1}% 8
\BOOKMARK [2][-]{subsection.3.2}{\376\377\000G\000i\000v\000e\000n\000s\000\040\000R\000o\000t\000a\000t\000i\000o\000n\000s}{section.3}% 9
\BOOKMARK [3][-]{subsubsection.3.2.1}{\376\377\000D\000e\000f\000i\000n\000i\000t\000i\000o\000n\000\040\000o\000f\000\040\000G\000i\000v\000e\000n\000s\000\040\000R\000o\000t\000a\000t\000i\000o\000n\000s}{subsection.3.2}% 10
\BOOKMARK [2][-]{subsection.3.3}{\376\377\000S\000t\000e\000p\000s\000\040\000o\000f\000\040\000t\000h\000e\000\040\000G\000i\000v\000e\000n\000s\000\040\000R\000o\000t\000a\000t\000i\000o\000n\000\040\000A\000l\000g\000o\000r\000i\000t\000h\000m}{section.3}% 11
\BOOKMARK [3][-]{subsubsection.3.3.1}{\376\377\000S\000t\000e\000p\000\040\0001\000:\000\040\000H\000e\000s\000s\000e\000n\000b\000e\000r\000g\000\040\000F\000o\000r\000m}{subsection.3.3}% 12
\BOOKMARK [3][-]{subsubsection.3.3.2}{\376\377\000S\000t\000e\000p\000\040\0002\000:\000\040\000I\000n\000i\000t\000i\000a\000l\000i\000z\000e\000\040\000t\000h\000e\000\040\000M\000a\000t\000r\000i\000x}{subsection.3.3}% 13
\BOOKMARK [3][-]{subsubsection.3.3.3}{\376\377\000S\000t\000e\000p\000\040\0003\000:\000\040\000A\000p\000p\000l\000y\000\040\000G\000i\000v\000e\000n\000s\000\040\000R\000o\000t\000a\000t\000i\000o\000n\000s\000\040\000t\000o\000\040\000Z\000e\000r\000o\000\040\000O\000u\000t\000\040\000S\000u\000b\000d\000i\000a\000g\000o\000n\000a\000l\000\040\000E\000l\000e\000m\000e\000n\000t\000s}{subsection.3.3}% 14
\BOOKMARK [3][-]{subsubsection.3.3.4}{\376\377\000S\000t\000e\000p\000\040\0004\000:\000\040\000U\000p\000d\000a\000t\000e\000\040\000t\000h\000e\000\040\000M\000a\000t\000r\000i\000x}{subsection.3.3}% 15
\BOOKMARK [3][-]{subsubsection.3.3.5}{\376\377\000S\000t\000e\000p\000\040\0005\000:\000\040\000C\000o\000n\000t\000i\000n\000u\000e\000\040\000U\000n\000t\000i\000l\000\040\000A\000l\000l\000\040\000S\000u\000b\000d\000i\000a\000g\000o\000n\000a\000l\000\040\000E\000l\000e\000m\000e\000n\000t\000s\000\040\000a\000r\000e\000\040\000Z\000e\000r\000o}{subsection.3.3}% 16
\BOOKMARK [3][-]{subsubsection.3.3.6}{\376\377\000S\000t\000e\000p\000\040\0006\000:\000\040\000C\000o\000n\000s\000t\000r\000u\000c\000t\000\040\000t\000h\000e\000\040\000M\000a\000t\000r\000i\000x\000\040\000\040\000Q\000\040\000\040\000a\000n\000d\000\040\000M\000a\000t\000r\000i\000x\000\040\000\040\000R\000\040}{subsection.3.3}% 17
\BOOKMARK [2][-]{subsection.3.4}{\376\377\000S\000u\000m\000m\000a\000r\000y\000\040\000o\000f\000\040\000t\000h\000e\000\040\000G\000i\000v\000e\000n\000s\000\040\000R\000o\000t\000a\000t\000i\000o\000n\000\040\000A\000l\000g\000o\000r\000i\000t\000h\000m\000\040\000S\000t\000e\000p\000s\000:}{section.3}% 18
\BOOKMARK [1][-]{section.4}{\376\377\000H\000a\000n\000d\000l\000i\000n\000g\000\040\000J\000o\000r\000d\000a\000n\000\040\000B\000l\000o\000c\000k\000s}{}% 19
\BOOKMARK [1][-]{section.5}{\376\377\000T\000i\000m\000e\000\040\000C\000o\000m\000p\000l\000e\000x\000i\000t\000y}{}% 20
\BOOKMARK [1][-]{section.6}{\376\377\000M\000e\000m\000o\000r\000y\000\040\000C\000o\000m\000p\000l\000e\000x\000i\000t\000y}{}% 21
\BOOKMARK [1][-]{section.7}{\376\377\000A\000d\000v\000a\000n\000t\000a\000g\000e\000s\000\040\000o\000f\000\040\000t\000h\000e\000\040\000Q\000R\000\040\000A\000l\000g\000o\000r\000i\000t\000h\000m}{}% 22
\BOOKMARK [1][-]{section.8}{\376\377\000C\000o\000m\000p\000a\000r\000i\000s\000o\000n\000\040\000w\000i\000t\000h\000\040\000O\000t\000h\000e\000r\000\040\000M\000e\000t\000h\000o\000d\000s}{}% 23
\BOOKMARK [1][-]{section.9}{\376\377\000C\000o\000n\000v\000e\000r\000g\000e\000n\000c\000e\000\040\000R\000a\000t\000e}{}% 24
\BOOKMARK [1][-]{section.10}{\376\377\000W\000h\000e\000n\000\040\000T\000h\000i\000s\000\040\000M\000e\000t\000h\000o\000d\000\040\000W\000o\000r\000k\000s\000\040\000B\000e\000t\000t\000e\000r}{}% 25
\BOOKMARK [1][-]{section.11}{\376\377\000C\000o\000d\000e\000\040\000R\000e\000f\000e\000r\000e\000n\000c\000e}{}% 26
