This is pdfTeX, Version 3.141592653-2.6-1.40.25 (TeX Live 2023/Debian) (preloaded format=pdflatex 2024.8.5)  26 OCT 2024 12:01
entering extended mode
 restricted \write18 enabled.
 %&-line parsing enabled.
**gvv.sty
(./gvv.sty
LaTeX2e <2023-11-01> patch level 1
L3 programming layer <2024-01-22>
! Undefined control sequence.
l.2 \DeclareMathOperator
                        *{\Res}{Res}
? 

! LaTeX Error: Missing \begin{document}.

See the LaTeX manual or LaTeX Companion for explanation.
Type  H <return>  for immediate help.
 ...                                              
                                                  
l.2 \DeclareMathOperator*
                         {\Res}{Res}
? 
Missing character: There is no * in font nullfont!
! Undefined control sequence.
l.2 \DeclareMathOperator*{\Res
                              }{Res}
? 
Missing character: There is no R in font nullfont!
Missing character: There is no e in font nullfont!
Missing character: There is no s in font nullfont!

Overfull \hbox (20.0pt too wide) in paragraph at lines 2--13
[] 
 []

! Undefined control sequence.
l.18 \lstset
            {
? x
 
Here is how much of TeX's memory you used:
 21 strings out of 476188
 427 string characters out of 5795815
 1922975 words of memory out of 5000000
 22116 multiletter control sequences out of 15000+600000
 558069 words of font info for 36 fonts, out of 8000000 for 9000
 17 hyphenation exceptions out of 8191
 15i,0n,20p,85b,14s stack positions out of 10000i,1000n,20000p,200000b,200000s
No pages of output.
PDF statistics:
 0 PDF objects out of 1000 (max. 8388607)
 0 named destinations out of 1000 (max. 500000)
 1 words of extra memory for PDF output out of 10000 (max. 10000000)

